{"C:\\Users\\molina\\Desktop\\SextoSitemas\\ProyectoSistemas III\\Proyectos\\PruebasBackend\\server.js": {"path":"C:\\Users\\molina\\Desktop\\SextoSitemas\\ProyectoSistemas III\\Proyectos\\PruebasBackend\\server.js","statementMap":{"0":{"start":{"line":1,"column":16},"end":{"line":1,"column":34}},"1":{"start":{"line":2,"column":13},"end":{"line":2,"column":28}},"2":{"start":{"line":3,"column":0},"end":{"line":3,"column":27}},"3":{"start":{"line":5,"column":22},"end":{"line":5,"column":49}},"4":{"start":{"line":6,"column":23},"end":{"line":6,"column":51}},"5":{"start":{"line":7,"column":21},"end":{"line":7,"column":47}},"6":{"start":{"line":9,"column":12},"end":{"line":9,"column":21}},"7":{"start":{"line":12,"column":0},"end":{"line":12,"column":16}},"8":{"start":{"line":13,"column":0},"end":{"line":13,"column":24}},"9":{"start":{"line":16,"column":0},"end":{"line":16,"column":39}},"10":{"start":{"line":17,"column":0},"end":{"line":17,"column":41}},"11":{"start":{"line":18,"column":0},"end":{"line":18,"column":37}},"12":{"start":{"line":21,"column":0},"end":{"line":23,"column":3}},"13":{"start":{"line":22,"column":4},"end":{"line":22,"column":93}},"14":{"start":{"line":26,"column":0},"end":{"line":31,"column":1}},"15":{"start":{"line":27,"column":17},"end":{"line":27,"column":41}},"16":{"start":{"line":28,"column":4},"end":{"line":30,"column":7}},"17":{"start":{"line":29,"column":8},"end":{"line":29,"column":60}},"18":{"start":{"line":34,"column":0},"end":{"line":34,"column":21}}},"fnMap":{"0":{"name":"(anonymous_0)","decl":{"start":{"line":21,"column":13},"end":{"line":21,"column":14}},"loc":{"start":{"line":21,"column":27},"end":{"line":23,"column":1}},"line":21},"1":{"name":"(anonymous_1)","decl":{"start":{"line":28,"column":21},"end":{"line":28,"column":22}},"loc":{"start":{"line":28,"column":27},"end":{"line":30,"column":5}},"line":28}},"branchMap":{"0":{"loc":{"start":{"line":26,"column":0},"end":{"line":31,"column":1}},"type":"if","locations":[{"start":{"line":26,"column":0},"end":{"line":31,"column":1}},{"start":{},"end":{}}],"line":26},"1":{"loc":{"start":{"line":27,"column":17},"end":{"line":27,"column":41}},"type":"binary-expr","locations":[{"start":{"line":27,"column":17},"end":{"line":27,"column":33}},{"start":{"line":27,"column":37},"end":{"line":27,"column":41}}],"line":27}},"s":{"0":3,"1":3,"2":3,"3":3,"4":3,"5":3,"6":3,"7":3,"8":3,"9":3,"10":3,"11":3,"12":3,"13":0,"14":3,"15":0,"16":0,"17":0,"18":3},"f":{"0":0,"1":0},"b":{"0":[0,3],"1":[0,0]},"_coverageSchema":"1a1c01bbd47fc00a2c39e90264f33305004495a9","hash":"459a4c8a2f46c88e5a5e6549f21aa3bd35d91aa3"}
,"C:\\Users\\molina\\Desktop\\SextoSitemas\\ProyectoSistemas III\\Proyectos\\PruebasBackend\\config\\supabase.js": {"path":"C:\\Users\\molina\\Desktop\\SextoSitemas\\ProyectoSistemas III\\Proyectos\\PruebasBackend\\config\\supabase.js","statementMap":{"0":{"start":{"line":1,"column":25},"end":{"line":1,"column":57}},"1":{"start":{"line":2,"column":0},"end":{"line":2,"column":27}},"2":{"start":{"line":4,"column":20},"end":{"line":4,"column":44}},"3":{"start":{"line":5,"column":20},"end":{"line":5,"column":44}},"4":{"start":{"line":7,"column":17},"end":{"line":7,"column":55}},"5":{"start":{"line":9,"column":0},"end":{"line":9,"column":26}}},"fnMap":{},"branchMap":{},"s":{"0":3,"1":3,"2":3,"3":3,"4":3,"5":3},"f":{},"b":{},"_coverageSchema":"1a1c01bbd47fc00a2c39e90264f33305004495a9","hash":"b47b3c3b91afb621dbda777392ced45b08a919ef"}
,"C:\\Users\\molina\\Desktop\\SextoSitemas\\ProyectoSistemas III\\Proyectos\\PruebasBackend\\controllers\\alumnosController.js": {"path":"C:\\Users\\molina\\Desktop\\SextoSitemas\\ProyectoSistemas III\\Proyectos\\PruebasBackend\\controllers\\alumnosController.js","statementMap":{"0":{"start":{"line":1,"column":17},"end":{"line":1,"column":46}},"1":{"start":{"line":4,"column":0},"end":{"line":17,"column":2}},"2":{"start":{"line":5,"column":4},"end":{"line":16,"column":5}},"3":{"start":{"line":6,"column":32},"end":{"line":9,"column":52}},"4":{"start":{"line":11,"column":8},"end":{"line":11,"column":31}},"5":{"start":{"line":11,"column":19},"end":{"line":11,"column":31}},"6":{"start":{"line":13,"column":8},"end":{"line":13,"column":23}},"7":{"start":{"line":15,"column":8},"end":{"line":15,"column":55}},"8":{"start":{"line":20,"column":0},"end":{"line":40,"column":2}},"9":{"start":{"line":21,"column":4},"end":{"line":39,"column":5}},"10":{"start":{"line":22,"column":23},"end":{"line":22,"column":33}},"11":{"start":{"line":24,"column":32},"end":{"line":28,"column":21}},"12":{"start":{"line":30,"column":8},"end":{"line":30,"column":31}},"13":{"start":{"line":30,"column":19},"end":{"line":30,"column":31}},"14":{"start":{"line":32,"column":8},"end":{"line":34,"column":9}},"15":{"start":{"line":33,"column":12},"end":{"line":33,"column":77}},"16":{"start":{"line":36,"column":8},"end":{"line":36,"column":23}},"17":{"start":{"line":38,"column":8},"end":{"line":38,"column":55}},"18":{"start":{"line":43,"column":0},"end":{"line":59,"column":2}},"19":{"start":{"line":44,"column":4},"end":{"line":58,"column":5}},"20":{"start":{"line":45,"column":44},"end":{"line":45,"column":52}},"21":{"start":{"line":47,"column":32},"end":{"line":51,"column":21}},"22":{"start":{"line":53,"column":8},"end":{"line":53,"column":31}},"23":{"start":{"line":53,"column":19},"end":{"line":53,"column":31}},"24":{"start":{"line":55,"column":8},"end":{"line":55,"column":35}},"25":{"start":{"line":57,"column":8},"end":{"line":57,"column":55}},"26":{"start":{"line":62,"column":0},"end":{"line":84,"column":2}},"27":{"start":{"line":63,"column":4},"end":{"line":83,"column":5}},"28":{"start":{"line":64,"column":23},"end":{"line":64,"column":33}},"29":{"start":{"line":65,"column":44},"end":{"line":65,"column":52}},"30":{"start":{"line":67,"column":32},"end":{"line":72,"column":21}},"31":{"start":{"line":74,"column":8},"end":{"line":74,"column":31}},"32":{"start":{"line":74,"column":19},"end":{"line":74,"column":31}},"33":{"start":{"line":76,"column":8},"end":{"line":78,"column":9}},"34":{"start":{"line":77,"column":12},"end":{"line":77,"column":77}},"35":{"start":{"line":80,"column":8},"end":{"line":80,"column":23}},"36":{"start":{"line":82,"column":8},"end":{"line":82,"column":55}},"37":{"start":{"line":87,"column":0},"end":{"line":108,"column":2}},"38":{"start":{"line":88,"column":4},"end":{"line":107,"column":5}},"39":{"start":{"line":89,"column":23},"end":{"line":89,"column":33}},"40":{"start":{"line":91,"column":32},"end":{"line":96,"column":21}},"41":{"start":{"line":98,"column":8},"end":{"line":98,"column":31}},"42":{"start":{"line":98,"column":19},"end":{"line":98,"column":31}},"43":{"start":{"line":100,"column":8},"end":{"line":102,"column":9}},"44":{"start":{"line":101,"column":12},"end":{"line":101,"column":77}},"45":{"start":{"line":104,"column":8},"end":{"line":104,"column":70}},"46":{"start":{"line":106,"column":8},"end":{"line":106,"column":55}}},"fnMap":{"0":{"name":"(anonymous_0)","decl":{"start":{"line":4,"column":21},"end":{"line":4,"column":22}},"loc":{"start":{"line":4,"column":41},"end":{"line":17,"column":1}},"line":4},"1":{"name":"(anonymous_1)","decl":{"start":{"line":20,"column":24},"end":{"line":20,"column":25}},"loc":{"start":{"line":20,"column":44},"end":{"line":40,"column":1}},"line":20},"2":{"name":"(anonymous_2)","decl":{"start":{"line":43,"column":23},"end":{"line":43,"column":24}},"loc":{"start":{"line":43,"column":43},"end":{"line":59,"column":1}},"line":43},"3":{"name":"(anonymous_3)","decl":{"start":{"line":62,"column":23},"end":{"line":62,"column":24}},"loc":{"start":{"line":62,"column":43},"end":{"line":84,"column":1}},"line":62},"4":{"name":"(anonymous_4)","decl":{"start":{"line":87,"column":23},"end":{"line":87,"column":24}},"loc":{"start":{"line":87,"column":43},"end":{"line":108,"column":1}},"line":87}},"branchMap":{"0":{"loc":{"start":{"line":11,"column":8},"end":{"line":11,"column":31}},"type":"if","locations":[{"start":{"line":11,"column":8},"end":{"line":11,"column":31}},{"start":{},"end":{}}],"line":11},"1":{"loc":{"start":{"line":30,"column":8},"end":{"line":30,"column":31}},"type":"if","locations":[{"start":{"line":30,"column":8},"end":{"line":30,"column":31}},{"start":{},"end":{}}],"line":30},"2":{"loc":{"start":{"line":32,"column":8},"end":{"line":34,"column":9}},"type":"if","locations":[{"start":{"line":32,"column":8},"end":{"line":34,"column":9}},{"start":{},"end":{}}],"line":32},"3":{"loc":{"start":{"line":53,"column":8},"end":{"line":53,"column":31}},"type":"if","locations":[{"start":{"line":53,"column":8},"end":{"line":53,"column":31}},{"start":{},"end":{}}],"line":53},"4":{"loc":{"start":{"line":74,"column":8},"end":{"line":74,"column":31}},"type":"if","locations":[{"start":{"line":74,"column":8},"end":{"line":74,"column":31}},{"start":{},"end":{}}],"line":74},"5":{"loc":{"start":{"line":76,"column":8},"end":{"line":78,"column":9}},"type":"if","locations":[{"start":{"line":76,"column":8},"end":{"line":78,"column":9}},{"start":{},"end":{}}],"line":76},"6":{"loc":{"start":{"line":98,"column":8},"end":{"line":98,"column":31}},"type":"if","locations":[{"start":{"line":98,"column":8},"end":{"line":98,"column":31}},{"start":{},"end":{}}],"line":98},"7":{"loc":{"start":{"line":100,"column":8},"end":{"line":102,"column":9}},"type":"if","locations":[{"start":{"line":100,"column":8},"end":{"line":102,"column":9}},{"start":{},"end":{}}],"line":100}},"s":{"0":3,"1":3,"2":1,"3":1,"4":1,"5":0,"6":1,"7":0,"8":3,"9":2,"10":2,"11":2,"12":2,"13":1,"14":1,"15":0,"16":1,"17":1,"18":3,"19":3,"20":3,"21":3,"22":3,"23":1,"24":2,"25":1,"26":3,"27":1,"28":1,"29":1,"30":1,"31":1,"32":0,"33":1,"34":0,"35":1,"36":0,"37":3,"38":3,"39":3,"40":3,"41":3,"42":1,"43":2,"44":0,"45":2,"46":1},"f":{"0":1,"1":2,"2":3,"3":1,"4":3},"b":{"0":[0,1],"1":[1,1],"2":[0,1],"3":[1,2],"4":[0,1],"5":[0,1],"6":[1,2],"7":[0,2]},"_coverageSchema":"1a1c01bbd47fc00a2c39e90264f33305004495a9","hash":"ffddad2a0475327891a84e84202a59800921b74b"}
,"C:\\Users\\molina\\Desktop\\SextoSitemas\\ProyectoSistemas III\\Proyectos\\PruebasBackend\\controllers\\materiasController.js": {"path":"C:\\Users\\molina\\Desktop\\SextoSitemas\\ProyectoSistemas III\\Proyectos\\PruebasBackend\\controllers\\materiasController.js","statementMap":{"0":{"start":{"line":1,"column":17},"end":{"line":1,"column":46}},"1":{"start":{"line":4,"column":0},"end":{"line":17,"column":2}},"2":{"start":{"line":5,"column":4},"end":{"line":16,"column":5}},"3":{"start":{"line":6,"column":32},"end":{"line":9,"column":53}},"4":{"start":{"line":11,"column":8},"end":{"line":11,"column":31}},"5":{"start":{"line":11,"column":19},"end":{"line":11,"column":31}},"6":{"start":{"line":13,"column":8},"end":{"line":13,"column":23}},"7":{"start":{"line":15,"column":8},"end":{"line":15,"column":55}},"8":{"start":{"line":20,"column":0},"end":{"line":40,"column":2}},"9":{"start":{"line":21,"column":4},"end":{"line":39,"column":5}},"10":{"start":{"line":22,"column":23},"end":{"line":22,"column":33}},"11":{"start":{"line":24,"column":32},"end":{"line":28,"column":21}},"12":{"start":{"line":30,"column":8},"end":{"line":30,"column":31}},"13":{"start":{"line":30,"column":19},"end":{"line":30,"column":31}},"14":{"start":{"line":32,"column":8},"end":{"line":34,"column":9}},"15":{"start":{"line":33,"column":12},"end":{"line":33,"column":78}},"16":{"start":{"line":36,"column":8},"end":{"line":36,"column":23}},"17":{"start":{"line":38,"column":8},"end":{"line":38,"column":55}},"18":{"start":{"line":43,"column":0},"end":{"line":59,"column":2}},"19":{"start":{"line":44,"column":4},"end":{"line":58,"column":5}},"20":{"start":{"line":45,"column":40},"end":{"line":45,"column":48}},"21":{"start":{"line":47,"column":32},"end":{"line":51,"column":21}},"22":{"start":{"line":53,"column":8},"end":{"line":53,"column":31}},"23":{"start":{"line":53,"column":19},"end":{"line":53,"column":31}},"24":{"start":{"line":55,"column":8},"end":{"line":55,"column":35}},"25":{"start":{"line":57,"column":8},"end":{"line":57,"column":55}},"26":{"start":{"line":62,"column":0},"end":{"line":84,"column":2}},"27":{"start":{"line":63,"column":4},"end":{"line":83,"column":5}},"28":{"start":{"line":64,"column":23},"end":{"line":64,"column":33}},"29":{"start":{"line":65,"column":40},"end":{"line":65,"column":48}},"30":{"start":{"line":67,"column":32},"end":{"line":72,"column":21}},"31":{"start":{"line":74,"column":8},"end":{"line":74,"column":31}},"32":{"start":{"line":74,"column":19},"end":{"line":74,"column":31}},"33":{"start":{"line":76,"column":8},"end":{"line":78,"column":9}},"34":{"start":{"line":77,"column":12},"end":{"line":77,"column":78}},"35":{"start":{"line":80,"column":8},"end":{"line":80,"column":23}},"36":{"start":{"line":82,"column":8},"end":{"line":82,"column":55}},"37":{"start":{"line":87,"column":0},"end":{"line":108,"column":2}},"38":{"start":{"line":88,"column":4},"end":{"line":107,"column":5}},"39":{"start":{"line":89,"column":23},"end":{"line":89,"column":33}},"40":{"start":{"line":91,"column":32},"end":{"line":96,"column":21}},"41":{"start":{"line":98,"column":8},"end":{"line":98,"column":31}},"42":{"start":{"line":98,"column":19},"end":{"line":98,"column":31}},"43":{"start":{"line":100,"column":8},"end":{"line":102,"column":9}},"44":{"start":{"line":101,"column":12},"end":{"line":101,"column":78}},"45":{"start":{"line":104,"column":8},"end":{"line":104,"column":71}},"46":{"start":{"line":106,"column":8},"end":{"line":106,"column":55}}},"fnMap":{"0":{"name":"(anonymous_0)","decl":{"start":{"line":4,"column":22},"end":{"line":4,"column":23}},"loc":{"start":{"line":4,"column":42},"end":{"line":17,"column":1}},"line":4},"1":{"name":"(anonymous_1)","decl":{"start":{"line":20,"column":25},"end":{"line":20,"column":26}},"loc":{"start":{"line":20,"column":45},"end":{"line":40,"column":1}},"line":20},"2":{"name":"(anonymous_2)","decl":{"start":{"line":43,"column":24},"end":{"line":43,"column":25}},"loc":{"start":{"line":43,"column":44},"end":{"line":59,"column":1}},"line":43},"3":{"name":"(anonymous_3)","decl":{"start":{"line":62,"column":24},"end":{"line":62,"column":25}},"loc":{"start":{"line":62,"column":44},"end":{"line":84,"column":1}},"line":62},"4":{"name":"(anonymous_4)","decl":{"start":{"line":87,"column":24},"end":{"line":87,"column":25}},"loc":{"start":{"line":87,"column":44},"end":{"line":108,"column":1}},"line":87}},"branchMap":{"0":{"loc":{"start":{"line":11,"column":8},"end":{"line":11,"column":31}},"type":"if","locations":[{"start":{"line":11,"column":8},"end":{"line":11,"column":31}},{"start":{},"end":{}}],"line":11},"1":{"loc":{"start":{"line":30,"column":8},"end":{"line":30,"column":31}},"type":"if","locations":[{"start":{"line":30,"column":8},"end":{"line":30,"column":31}},{"start":{},"end":{}}],"line":30},"2":{"loc":{"start":{"line":32,"column":8},"end":{"line":34,"column":9}},"type":"if","locations":[{"start":{"line":32,"column":8},"end":{"line":34,"column":9}},{"start":{},"end":{}}],"line":32},"3":{"loc":{"start":{"line":53,"column":8},"end":{"line":53,"column":31}},"type":"if","locations":[{"start":{"line":53,"column":8},"end":{"line":53,"column":31}},{"start":{},"end":{}}],"line":53},"4":{"loc":{"start":{"line":74,"column":8},"end":{"line":74,"column":31}},"type":"if","locations":[{"start":{"line":74,"column":8},"end":{"line":74,"column":31}},{"start":{},"end":{}}],"line":74},"5":{"loc":{"start":{"line":76,"column":8},"end":{"line":78,"column":9}},"type":"if","locations":[{"start":{"line":76,"column":8},"end":{"line":78,"column":9}},{"start":{},"end":{}}],"line":76},"6":{"loc":{"start":{"line":98,"column":8},"end":{"line":98,"column":31}},"type":"if","locations":[{"start":{"line":98,"column":8},"end":{"line":98,"column":31}},{"start":{},"end":{}}],"line":98},"7":{"loc":{"start":{"line":100,"column":8},"end":{"line":102,"column":9}},"type":"if","locations":[{"start":{"line":100,"column":8},"end":{"line":102,"column":9}},{"start":{},"end":{}}],"line":100}},"s":{"0":3,"1":3,"2":1,"3":1,"4":1,"5":0,"6":1,"7":0,"8":3,"9":1,"10":1,"11":1,"12":1,"13":0,"14":1,"15":0,"16":1,"17":0,"18":3,"19":3,"20":3,"21":3,"22":3,"23":0,"24":3,"25":0,"26":3,"27":1,"28":1,"29":1,"30":1,"31":1,"32":0,"33":1,"34":0,"35":1,"36":0,"37":3,"38":2,"39":2,"40":2,"41":2,"42":0,"43":2,"44":0,"45":2,"46":0},"f":{"0":1,"1":1,"2":3,"3":1,"4":2},"b":{"0":[0,1],"1":[0,1],"2":[0,1],"3":[0,3],"4":[0,1],"5":[0,1],"6":[0,2],"7":[0,2]},"_coverageSchema":"1a1c01bbd47fc00a2c39e90264f33305004495a9","hash":"836d14f9e7a0636963fc883b7b32accba0f3d70d"}
,"C:\\Users\\molina\\Desktop\\SextoSitemas\\ProyectoSistemas III\\Proyectos\\PruebasBackend\\controllers\\tareasController.js": {"path":"C:\\Users\\molina\\Desktop\\SextoSitemas\\ProyectoSistemas III\\Proyectos\\PruebasBackend\\controllers\\tareasController.js","statementMap":{"0":{"start":{"line":1,"column":17},"end":{"line":1,"column":46}},"1":{"start":{"line":4,"column":0},"end":{"line":30,"column":2}},"2":{"start":{"line":5,"column":4},"end":{"line":29,"column":5}},"3":{"start":{"line":6,"column":32},"end":{"line":22,"column":51}},"4":{"start":{"line":24,"column":8},"end":{"line":24,"column":31}},"5":{"start":{"line":24,"column":19},"end":{"line":24,"column":31}},"6":{"start":{"line":26,"column":8},"end":{"line":26,"column":23}},"7":{"start":{"line":28,"column":8},"end":{"line":28,"column":55}},"8":{"start":{"line":33,"column":0},"end":{"line":66,"column":2}},"9":{"start":{"line":34,"column":4},"end":{"line":65,"column":5}},"10":{"start":{"line":35,"column":23},"end":{"line":35,"column":33}},"11":{"start":{"line":37,"column":32},"end":{"line":54,"column":21}},"12":{"start":{"line":56,"column":8},"end":{"line":56,"column":31}},"13":{"start":{"line":56,"column":19},"end":{"line":56,"column":31}},"14":{"start":{"line":58,"column":8},"end":{"line":60,"column":9}},"15":{"start":{"line":59,"column":12},"end":{"line":59,"column":76}},"16":{"start":{"line":62,"column":8},"end":{"line":62,"column":23}},"17":{"start":{"line":64,"column":8},"end":{"line":64,"column":55}},"18":{"start":{"line":69,"column":0},"end":{"line":92,"column":2}},"19":{"start":{"line":70,"column":4},"end":{"line":91,"column":5}},"20":{"start":{"line":71,"column":86},"end":{"line":71,"column":94}},"21":{"start":{"line":73,"column":32},"end":{"line":84,"column":21}},"22":{"start":{"line":86,"column":8},"end":{"line":86,"column":31}},"23":{"start":{"line":86,"column":19},"end":{"line":86,"column":31}},"24":{"start":{"line":88,"column":8},"end":{"line":88,"column":35}},"25":{"start":{"line":90,"column":8},"end":{"line":90,"column":55}},"26":{"start":{"line":95,"column":0},"end":{"line":124,"column":2}},"27":{"start":{"line":96,"column":4},"end":{"line":123,"column":5}},"28":{"start":{"line":97,"column":23},"end":{"line":97,"column":33}},"29":{"start":{"line":98,"column":86},"end":{"line":98,"column":94}},"30":{"start":{"line":100,"column":32},"end":{"line":112,"column":21}},"31":{"start":{"line":114,"column":8},"end":{"line":114,"column":31}},"32":{"start":{"line":114,"column":19},"end":{"line":114,"column":31}},"33":{"start":{"line":116,"column":8},"end":{"line":118,"column":9}},"34":{"start":{"line":117,"column":12},"end":{"line":117,"column":76}},"35":{"start":{"line":120,"column":8},"end":{"line":120,"column":23}},"36":{"start":{"line":122,"column":8},"end":{"line":122,"column":55}},"37":{"start":{"line":127,"column":0},"end":{"line":148,"column":2}},"38":{"start":{"line":128,"column":4},"end":{"line":147,"column":5}},"39":{"start":{"line":129,"column":23},"end":{"line":129,"column":33}},"40":{"start":{"line":131,"column":32},"end":{"line":136,"column":21}},"41":{"start":{"line":138,"column":8},"end":{"line":138,"column":31}},"42":{"start":{"line":138,"column":19},"end":{"line":138,"column":31}},"43":{"start":{"line":140,"column":8},"end":{"line":142,"column":9}},"44":{"start":{"line":141,"column":12},"end":{"line":141,"column":76}},"45":{"start":{"line":144,"column":8},"end":{"line":144,"column":69}},"46":{"start":{"line":146,"column":8},"end":{"line":146,"column":55}}},"fnMap":{"0":{"name":"(anonymous_0)","decl":{"start":{"line":4,"column":20},"end":{"line":4,"column":21}},"loc":{"start":{"line":4,"column":40},"end":{"line":30,"column":1}},"line":4},"1":{"name":"(anonymous_1)","decl":{"start":{"line":33,"column":23},"end":{"line":33,"column":24}},"loc":{"start":{"line":33,"column":43},"end":{"line":66,"column":1}},"line":33},"2":{"name":"(anonymous_2)","decl":{"start":{"line":69,"column":22},"end":{"line":69,"column":23}},"loc":{"start":{"line":69,"column":42},"end":{"line":92,"column":1}},"line":69},"3":{"name":"(anonymous_3)","decl":{"start":{"line":95,"column":22},"end":{"line":95,"column":23}},"loc":{"start":{"line":95,"column":42},"end":{"line":124,"column":1}},"line":95},"4":{"name":"(anonymous_4)","decl":{"start":{"line":127,"column":22},"end":{"line":127,"column":23}},"loc":{"start":{"line":127,"column":42},"end":{"line":148,"column":1}},"line":127}},"branchMap":{"0":{"loc":{"start":{"line":24,"column":8},"end":{"line":24,"column":31}},"type":"if","locations":[{"start":{"line":24,"column":8},"end":{"line":24,"column":31}},{"start":{},"end":{}}],"line":24},"1":{"loc":{"start":{"line":56,"column":8},"end":{"line":56,"column":31}},"type":"if","locations":[{"start":{"line":56,"column":8},"end":{"line":56,"column":31}},{"start":{},"end":{}}],"line":56},"2":{"loc":{"start":{"line":58,"column":8},"end":{"line":60,"column":9}},"type":"if","locations":[{"start":{"line":58,"column":8},"end":{"line":60,"column":9}},{"start":{},"end":{}}],"line":58},"3":{"loc":{"start":{"line":81,"column":24},"end":{"line":81,"column":45}},"type":"binary-expr","locations":[{"start":{"line":81,"column":24},"end":{"line":81,"column":30}},{"start":{"line":81,"column":34},"end":{"line":81,"column":45}}],"line":81},"4":{"loc":{"start":{"line":86,"column":8},"end":{"line":86,"column":31}},"type":"if","locations":[{"start":{"line":86,"column":8},"end":{"line":86,"column":31}},{"start":{},"end":{}}],"line":86},"5":{"loc":{"start":{"line":114,"column":8},"end":{"line":114,"column":31}},"type":"if","locations":[{"start":{"line":114,"column":8},"end":{"line":114,"column":31}},{"start":{},"end":{}}],"line":114},"6":{"loc":{"start":{"line":116,"column":8},"end":{"line":118,"column":9}},"type":"if","locations":[{"start":{"line":116,"column":8},"end":{"line":118,"column":9}},{"start":{},"end":{}}],"line":116},"7":{"loc":{"start":{"line":138,"column":8},"end":{"line":138,"column":31}},"type":"if","locations":[{"start":{"line":138,"column":8},"end":{"line":138,"column":31}},{"start":{},"end":{}}],"line":138},"8":{"loc":{"start":{"line":140,"column":8},"end":{"line":142,"column":9}},"type":"if","locations":[{"start":{"line":140,"column":8},"end":{"line":142,"column":9}},{"start":{},"end":{}}],"line":140}},"s":{"0":3,"1":3,"2":1,"3":1,"4":1,"5":0,"6":1,"7":0,"8":3,"9":1,"10":1,"11":1,"12":1,"13":0,"14":1,"15":0,"16":1,"17":0,"18":3,"19":2,"20":2,"21":2,"22":2,"23":0,"24":2,"25":0,"26":3,"27":1,"28":1,"29":1,"30":1,"31":1,"32":0,"33":1,"34":0,"35":1,"36":0,"37":3,"38":2,"39":2,"40":2,"41":2,"42":0,"43":2,"44":0,"45":2,"46":0},"f":{"0":1,"1":1,"2":2,"3":1,"4":2},"b":{"0":[0,1],"1":[0,1],"2":[0,1],"3":[2,1],"4":[0,2],"5":[0,1],"6":[0,1],"7":[0,2],"8":[0,2]},"_coverageSchema":"1a1c01bbd47fc00a2c39e90264f33305004495a9","hash":"7fe5e4385388a7537e31a0c22b352293a9885d4e"}
,"C:\\Users\\molina\\Desktop\\SextoSitemas\\ProyectoSistemas III\\Proyectos\\PruebasBackend\\routes\\alumnos.js": {"path":"C:\\Users\\molina\\Desktop\\SextoSitemas\\ProyectoSistemas III\\Proyectos\\PruebasBackend\\routes\\alumnos.js","statementMap":{"0":{"start":{"line":1,"column":16},"end":{"line":1,"column":34}},"1":{"start":{"line":2,"column":15},"end":{"line":2,"column":31}},"2":{"start":{"line":3,"column":26},"end":{"line":3,"column":69}},"3":{"start":{"line":5,"column":0},"end":{"line":5,"column":46}},"4":{"start":{"line":6,"column":0},"end":{"line":6,"column":52}},"5":{"start":{"line":7,"column":0},"end":{"line":7,"column":49}},"6":{"start":{"line":8,"column":0},"end":{"line":8,"column":51}},"7":{"start":{"line":9,"column":0},"end":{"line":9,"column":54}},"8":{"start":{"line":11,"column":0},"end":{"line":11,"column":24}}},"fnMap":{},"branchMap":{},"s":{"0":3,"1":3,"2":3,"3":3,"4":3,"5":3,"6":3,"7":3,"8":3},"f":{},"b":{},"_coverageSchema":"1a1c01bbd47fc00a2c39e90264f33305004495a9","hash":"1c83c14ef8dc2cf26aa204dbde3a02cf9000f02b"}
,"C:\\Users\\molina\\Desktop\\SextoSitemas\\ProyectoSistemas III\\Proyectos\\PruebasBackend\\routes\\materias.js": {"path":"C:\\Users\\molina\\Desktop\\SextoSitemas\\ProyectoSistemas III\\Proyectos\\PruebasBackend\\routes\\materias.js","statementMap":{"0":{"start":{"line":1,"column":16},"end":{"line":1,"column":34}},"1":{"start":{"line":2,"column":15},"end":{"line":2,"column":31}},"2":{"start":{"line":3,"column":27},"end":{"line":3,"column":71}},"3":{"start":{"line":5,"column":0},"end":{"line":5,"column":48}},"4":{"start":{"line":6,"column":0},"end":{"line":6,"column":54}},"5":{"start":{"line":7,"column":0},"end":{"line":7,"column":51}},"6":{"start":{"line":8,"column":0},"end":{"line":8,"column":53}},"7":{"start":{"line":9,"column":0},"end":{"line":9,"column":56}},"8":{"start":{"line":11,"column":0},"end":{"line":11,"column":24}}},"fnMap":{},"branchMap":{},"s":{"0":3,"1":3,"2":3,"3":3,"4":3,"5":3,"6":3,"7":3,"8":3},"f":{},"b":{},"_coverageSchema":"1a1c01bbd47fc00a2c39e90264f33305004495a9","hash":"43bd916d9b7242fa1454a0dd8f21d39e6fd647d3"}
,"C:\\Users\\molina\\Desktop\\SextoSitemas\\ProyectoSistemas III\\Proyectos\\PruebasBackend\\routes\\tareas.js": {"path":"C:\\Users\\molina\\Desktop\\SextoSitemas\\ProyectoSistemas III\\Proyectos\\PruebasBackend\\routes\\tareas.js","statementMap":{"0":{"start":{"line":1,"column":16},"end":{"line":1,"column":34}},"1":{"start":{"line":2,"column":15},"end":{"line":2,"column":31}},"2":{"start":{"line":3,"column":25},"end":{"line":3,"column":67}},"3":{"start":{"line":5,"column":0},"end":{"line":5,"column":44}},"4":{"start":{"line":6,"column":0},"end":{"line":6,"column":50}},"5":{"start":{"line":7,"column":0},"end":{"line":7,"column":47}},"6":{"start":{"line":8,"column":0},"end":{"line":8,"column":49}},"7":{"start":{"line":9,"column":0},"end":{"line":9,"column":52}},"8":{"start":{"line":11,"column":0},"end":{"line":11,"column":24}}},"fnMap":{},"branchMap":{},"s":{"0":3,"1":3,"2":3,"3":3,"4":3,"5":3,"6":3,"7":3,"8":3},"f":{},"b":{},"_coverageSchema":"1a1c01bbd47fc00a2c39e90264f33305004495a9","hash":"c54a85a1efb6546fdaae760f0f951ef3b57dc8fa"}
}
