TN:
SF:server.js
FN:21,(anonymous_0)
FN:28,(anonymous_1)
FNF:2
FNH:0
FNDA:0,(anonymous_0)
FNDA:0,(anonymous_1)
DA:1,3
DA:2,3
DA:3,3
DA:5,3
DA:6,3
DA:7,3
DA:9,3
DA:12,3
DA:13,3
DA:16,3
DA:17,3
DA:18,3
DA:21,3
DA:22,0
DA:26,3
DA:27,0
DA:28,0
DA:29,0
DA:34,3
LF:19
LH:15
BRDA:26,0,0,0
BRDA:26,0,1,3
BRDA:27,1,0,0
BRDA:27,1,1,0
BRF:4
BRH:1
end_of_record
TN:
SF:config\supabase.js
FNF:0
FNH:0
DA:1,3
DA:2,3
DA:4,3
DA:5,3
DA:7,3
DA:9,3
LF:6
LH:6
BRF:0
BRH:0
end_of_record
TN:
SF:controllers\alumnosController.js
FN:4,(anonymous_0)
FN:20,(anonymous_1)
FN:43,(anonymous_2)
FN:62,(anonymous_3)
FN:87,(anonymous_4)
FNF:5
FNH:5
FNDA:1,(anonymous_0)
FNDA:2,(anonymous_1)
FNDA:3,(anonymous_2)
FNDA:1,(anonymous_3)
FNDA:3,(anonymous_4)
DA:1,3
DA:4,3
DA:5,1
DA:6,1
DA:11,1
DA:13,1
DA:15,0
DA:20,3
DA:21,2
DA:22,2
DA:24,2
DA:30,2
DA:32,1
DA:33,0
DA:36,1
DA:38,1
DA:43,3
DA:44,3
DA:45,3
DA:47,3
DA:53,3
DA:55,2
DA:57,1
DA:62,3
DA:63,1
DA:64,1
DA:65,1
DA:67,1
DA:74,1
DA:76,1
DA:77,0
DA:80,1
DA:82,0
DA:87,3
DA:88,3
DA:89,3
DA:91,3
DA:98,3
DA:100,2
DA:101,0
DA:104,2
DA:106,1
LF:42
LH:37
BRDA:11,0,0,0
BRDA:11,0,1,1
BRDA:30,1,0,1
BRDA:30,1,1,1
BRDA:32,2,0,0
BRDA:32,2,1,1
BRDA:53,3,0,1
BRDA:53,3,1,2
BRDA:74,4,0,0
BRDA:74,4,1,1
BRDA:76,5,0,0
BRDA:76,5,1,1
BRDA:98,6,0,1
BRDA:98,6,1,2
BRDA:100,7,0,0
BRDA:100,7,1,2
BRF:16
BRH:11
end_of_record
TN:
SF:controllers\materiasController.js
FN:4,(anonymous_0)
FN:20,(anonymous_1)
FN:43,(anonymous_2)
FN:62,(anonymous_3)
FN:87,(anonymous_4)
FNF:5
FNH:5
FNDA:1,(anonymous_0)
FNDA:1,(anonymous_1)
FNDA:3,(anonymous_2)
FNDA:1,(anonymous_3)
FNDA:2,(anonymous_4)
DA:1,3
DA:4,3
DA:5,1
DA:6,1
DA:11,1
DA:13,1
DA:15,0
DA:20,3
DA:21,1
DA:22,1
DA:24,1
DA:30,1
DA:32,1
DA:33,0
DA:36,1
DA:38,0
DA:43,3
DA:44,3
DA:45,3
DA:47,3
DA:53,3
DA:55,3
DA:57,0
DA:62,3
DA:63,1
DA:64,1
DA:65,1
DA:67,1
DA:74,1
DA:76,1
DA:77,0
DA:80,1
DA:82,0
DA:87,3
DA:88,2
DA:89,2
DA:91,2
DA:98,2
DA:100,2
DA:101,0
DA:104,2
DA:106,0
LF:42
LH:34
BRDA:11,0,0,0
BRDA:11,0,1,1
BRDA:30,1,0,0
BRDA:30,1,1,1
BRDA:32,2,0,0
BRDA:32,2,1,1
BRDA:53,3,0,0
BRDA:53,3,1,3
BRDA:74,4,0,0
BRDA:74,4,1,1
BRDA:76,5,0,0
BRDA:76,5,1,1
BRDA:98,6,0,0
BRDA:98,6,1,2
BRDA:100,7,0,0
BRDA:100,7,1,2
BRF:16
BRH:8
end_of_record
TN:
SF:controllers\tareasController.js
FN:4,(anonymous_0)
FN:33,(anonymous_1)
FN:69,(anonymous_2)
FN:95,(anonymous_3)
FN:127,(anonymous_4)
FNF:5
FNH:5
FNDA:1,(anonymous_0)
FNDA:1,(anonymous_1)
FNDA:2,(anonymous_2)
FNDA:1,(anonymous_3)
FNDA:2,(anonymous_4)
DA:1,3
DA:4,3
DA:5,1
DA:6,1
DA:24,1
DA:26,1
DA:28,0
DA:33,3
DA:34,1
DA:35,1
DA:37,1
DA:56,1
DA:58,1
DA:59,0
DA:62,1
DA:64,0
DA:69,3
DA:70,2
DA:71,2
DA:73,2
DA:86,2
DA:88,2
DA:90,0
DA:95,3
DA:96,1
DA:97,1
DA:98,1
DA:100,1
DA:114,1
DA:116,1
DA:117,0
DA:120,1
DA:122,0
DA:127,3
DA:128,2
DA:129,2
DA:131,2
DA:138,2
DA:140,2
DA:141,0
DA:144,2
DA:146,0
LF:42
LH:34
BRDA:24,0,0,0
BRDA:24,0,1,1
BRDA:56,1,0,0
BRDA:56,1,1,1
BRDA:58,2,0,0
BRDA:58,2,1,1
BRDA:81,3,0,2
BRDA:81,3,1,1
BRDA:86,4,0,0
BRDA:86,4,1,2
BRDA:114,5,0,0
BRDA:114,5,1,1
BRDA:116,6,0,0
BRDA:116,6,1,1
BRDA:138,7,0,0
BRDA:138,7,1,2
BRDA:140,8,0,0
BRDA:140,8,1,2
BRF:18
BRH:10
end_of_record
TN:
SF:routes\alumnos.js
FNF:0
FNH:0
DA:1,3
DA:2,3
DA:3,3
DA:5,3
DA:6,3
DA:7,3
DA:8,3
DA:9,3
DA:11,3
LF:9
LH:9
BRF:0
BRH:0
end_of_record
TN:
SF:routes\materias.js
FNF:0
FNH:0
DA:1,3
DA:2,3
DA:3,3
DA:5,3
DA:6,3
DA:7,3
DA:8,3
DA:9,3
DA:11,3
LF:9
LH:9
BRF:0
BRH:0
end_of_record
TN:
SF:routes\tareas.js
FNF:0
FNH:0
DA:1,3
DA:2,3
DA:3,3
DA:5,3
DA:6,3
DA:7,3
DA:8,3
DA:9,3
DA:11,3
LF:9
LH:9
BRF:0
BRH:0
end_of_record
